# JRE version: 7.0_21-b11
# Java VM: Java HotSpot(TM) Client VM (23.21-b01 mixed mode windows-x86 )
Heap
 def new generation   total 49216K, used 33928K [0x04140000, 0x076a0000, 0x09690000)
  eden space 43776K,  74% used [0x04140000, 0x06126bb0, 0x06c00000)
  from space 5440K,  23% used [0x06c00000, 0x06d3b670, 0x07150000)
  to   space 5440K,   0% used [0x07150000, 0x07150000, 0x076a0000)
 tenured generation   total 109280K, used 67037K [0x09690000, 0x10148000, 0x14140000)
   the space 109280K,  61% used [0x09690000, 0x0d8076e8, 0x0d807800, 0x10148000)
 compacting perm gen  total 12288K, used 7970K [0x14140000, 0x14d40000, 0x18140000)
   the space 12288K,  64% used [0x14140000, 0x149089a8, 0x14908a00, 0x14d40000)
GC Heap History (10 events):
Event: 5315.053 GC heap before
{Heap before GC invocations=989 (full 5):
 def new generation   total 49216K, used 45212K [0x04140000, 0x076a0000, 0x09690000)
  eden space 43776K,  99% used [0x04140000, 0x06be95b8, 0x06c00000)
  from space 5440K,  28% used [0x07150000, 0x072cdab8, 0x076a0000)
  to   space 5440K,   0% used [0x06c00000, 0x06c00000, 0x07150000)
 tenured generation   total 109280K, used 66998K [0x09690000, 0x10148000, 0x14140000)
   the space 109280K,  61% used [0x09690000, 0x0d7fdb28, 0x0d7fdc00, 0x10148000)
 compacting perm gen  total 12288K, used 7964K [0x14140000, 0x14d40000, 0x18140000)
   the space 12288K,  64% used [0x14140000, 0x14907238, 0x14907400, 0x14d40000)
No shared spaces configured.
Event: 5315.056 GC heap after
Heap after GC invocations=990 (full 5):
 def new generation   total 49216K, used 1411K [0x04140000, 0x076a0000, 0x09690000)
  eden space 43776K,   0% used [0x04140000, 0x04140000, 0x06c00000)
  from space 5440K,  25% used [0x06c00000, 0x06d60eb8, 0x07150000)
  to   space 5440K,   0% used [0x07150000, 0x07150000, 0x076a0000)
 tenured generation   total 109280K, used 67003K [0x09690000, 0x10148000, 0x14140000)
   the space 109280K,  61% used [0x09690000, 0x0d7fee38, 0x0d7ff000, 0x10148000)
 compacting perm gen  total 12288K, used 7964K [0x14140000, 0x14d40000, 0x18140000)
   the space 12288K,  64% used [0x14140000, 0x14907238, 0x14907400, 0x14d40000)
No shared spaces configured.
}
Event: 5316.631 GC heap before
{Heap before GC invocations=990 (full 5):
 def new generation   total 49216K, used 45187K [0x04140000, 0x076a0000, 0x09690000)
  eden space 43776K, 100% used [0x04140000, 0x06c00000, 0x06c00000)
  from space 5440K,  25% used [0x06c00000, 0x06d60eb8, 0x07150000)
  to   space 5440K,   0% used [0x07150000, 0x07150000, 0x076a0000)
 tenured generation   total 109280K, used 67003K [0x09690000, 0x10148000, 0x14140000)
   the space 109280K,  61% used [0x09690000, 0x0d7fee38, 0x0d7ff000, 0x10148000)
 compacting perm gen  total 12288K, used 7964K [0x14140000, 0x14d40000, 0x18140000)
   the space 12288K,  64% used [0x14140000, 0x14907238, 0x14907400, 0x14d40000)
No shared spaces configured.
Event: 5316.634 GC heap after
Heap after GC invocations=991 (full 5):
 def new generation   total 49216K, used 1252K [0x04140000, 0x076a0000, 0x09690000)
  eden space 43776K,   0% used [0x04140000, 0x04140000, 0x06c00000)
  from space 5440K,  23% used [0x07150000, 0x072890d8, 0x076a0000)
  to   space 5440K,   0% used [0x06c00000, 0x06c00000, 0x07150000)
 tenured generation   total 109280K, used 67015K [0x09690000, 0x10148000, 0x14140000)
   the space 109280K,  61% used [0x09690000, 0x0d801ef8, 0x0d802000, 0x10148000)
 compacting perm gen  total 12288K, used 7964K [0x14140000, 0x14d40000, 0x18140000)
   the space 12288K,  64% used [0x14140000, 0x14907238, 0x14907400, 0x14d40000)
No shared spaces configured.
}
Event: 5346.922 GC heap before
{Heap before GC invocations=991 (full 5):
 def new generation   total 49216K, used 45028K [0x04140000, 0x076a0000, 0x09690000)
  eden space 43776K, 100% used [0x04140000, 0x06c00000, 0x06c00000)
  from space 5440K,  23% used [0x07150000, 0x072890d8, 0x076a0000)
  to   space 5440K,   0% used [0x06c00000, 0x06c00000, 0x07150000)
 tenured generation   total 109280K, used 67015K [0x09690000, 0x10148000, 0x14140000)
   the space 109280K,  61% used [0x09690000, 0x0d801ef8, 0x0d802000, 0x10148000)
 compacting perm gen  total 12288K, used 7964K [0x14140000, 0x14d40000, 0x18140000)
   the space 12288K,  64% used [0x14140000, 0x14907238, 0x14907400, 0x14d40000)
No shared spaces configured.
Event: 5346.925 GC heap after
Heap after GC invocations=992 (full 5):
 def new generation   total 49216K, used 1264K [0x04140000, 0x076a0000, 0x09690000)
  eden space 43776K,   0% used [0x04140000, 0x04140000, 0x06c00000)
  from space 5440K,  23% used [0x06c00000, 0x06d3c038, 0x07150000)
  to   space 5440K,   0% used [0x07150000, 0x07150000, 0x076a0000)
 tenured generation   total 109280K, used 67022K [0x09690000, 0x10148000, 0x14140000)
   the space 109280K,  61% used [0x09690000, 0x0d803818, 0x0d803a00, 0x10148000)
 compacting perm gen  total 12288K, used 7964K [0x14140000, 0x14d40000, 0x18140000)
   the space 12288K,  64% used [0x14140000, 0x14907238, 0x14907400, 0x14d40000)
No shared spaces configured.
}
Event: 5376.118 GC heap before
{Heap before GC invocations=992 (full 5):
 def new generation   total 49216K, used 45040K [0x04140000, 0x076a0000, 0x09690000)
  eden space 43776K, 100% used [0x04140000, 0x06c00000, 0x06c00000)
  from space 5440K,  23% used [0x06c00000, 0x06d3c038, 0x07150000)
  to   space 5440K,   0% used [0x07150000, 0x07150000, 0x076a0000)
 tenured generation   total 109280K, used 67022K [0x09690000, 0x10148000, 0x14140000)
   the space 109280K,  61% used [0x09690000, 0x0d803818, 0x0d803a00, 0x10148000)
 compacting perm gen  total 12288K, used 7964K [0x14140000, 0x14d40000, 0x18140000)
   the space 12288K,  64% used [0x14140000, 0x14907238, 0x14907400, 0x14d40000)
No shared spaces configured.
Event: 5376.122 GC heap after
Heap after GC invocations=993 (full 5):
 def new generation   total 49216K, used 1261K [0x04140000, 0x076a0000, 0x09690000)
  eden space 43776K,   0% used [0x04140000, 0x04140000, 0x06c00000)
  from space 5440K,  23% used [0x07150000, 0x0728b6f8, 0x076a0000)
  to   space 5440K,   0% used [0x06c00000, 0x06c00000, 0x07150000)
 tenured generation   total 109280K, used 67026K [0x09690000, 0x10148000, 0x14140000)
   the space 109280K,  61% used [0x09690000, 0x0d804b28, 0x0d804c00, 0x10148000)
 compacting perm gen  total 12288K, used 7964K [0x14140000, 0x14d40000, 0x18140000)
   the space 12288K,  64% used [0x14140000, 0x14907238, 0x14907400, 0x14d40000)
No shared spaces configured.
}
Event: 5409.452 GC heap before
{Heap before GC invocations=993 (full 5):
 def new generation   total 49216K, used 45037K [0x04140000, 0x076a0000, 0x09690000)
  eden space 43776K, 100% used [0x04140000, 0x06c00000, 0x06c00000)
  from space 5440K,  23% used [0x07150000, 0x0728b6f8, 0x076a0000)
  to   space 5440K,   0% used [0x06c00000, 0x06c00000, 0x07150000)
 tenured generation   total 109280K, used 67026K [0x09690000, 0x10148000, 0x14140000)
   the space 109280K,  61% used [0x09690000, 0x0d804b28, 0x0d804c00, 0x10148000)
 compacting perm gen  total 12288K, used 7964K [0x14140000, 0x14d40000, 0x18140000)
   the space 12288K,  64% used [0x14140000, 0x14907248, 0x14907400, 0x14d40000)
No shared spaces configured.
Event: 5409.456 GC heap after
Heap after GC invocations=994 (full 5):
 def new generation   total 49216K, used 1261K [0x04140000, 0x076a0000, 0x09690000)
  eden space 43776K,   0% used [0x04140000, 0x04140000, 0x06c00000)
  from space 5440K,  23% used [0x06c00000, 0x06d3b670, 0x07150000)
  to   space 5440K,   0% used [0x07150000, 0x07150000, 0x076a0000)
 tenured generation   total 109280K, used 67037K [0x09690000, 0x10148000, 0x14140000)
   the space 109280K,  61% used [0x09690000, 0x0d8076e8, 0x0d807800, 0x10148000)
 compacting perm gen  total 12288K, used 7964K [0x14140000, 0x14d40000, 0x18140000)
   the space 12288K,  64% used [0x14140000, 0x14907248, 0x14907400, 0x14d40000)
No shared spaces configured.
}

